# JRE version: Java(TM) SE Runtime Environment (23.0.1+11) (build 23.0.1+11-39)
# Java VM: Java HotSpot(TM) 64-Bit Server VM (23.0.1+11-39, mixed mode, emulated-client, sharing, tiered, compressed oops, compressed class ptrs, g1 gc, windows-amd64)
GC Precious Log:
 CardTable entry size: 512
 Card Set container configuration: InlinePtr #cards 4 size 8 Array Of Cards #cards 16 size 48 Howl #buckets 8 coarsen threshold 3686 Howl Bitmap #cards 512 size 80 coarsen threshold 460 Card regions per heap region 1 cards per card region 4096
 CPUs: 8 total, 8 available
 Memory: 16356M
 Large Page Support: Disabled
 NUMA Support: Disabled
 Compressed Oops: Enabled (Zero based)
 Heap Region Size: 2M
 Heap Min Capacity: 8M
 Heap Initial Capacity: 256M
 Heap Max Capacity: 4090M
 Pre-touch: Disabled
 Parallel Workers: 8
 Concurrent Workers: 2
 Concurrent Refinement Workers: 8
 Periodic GC: Disabled
Heap:
 garbage-first heap   total reserved 4188160K, committed 69632K, used 37604K [0x0000000700600000, 0x0000000800000000)
  region size 2048K, 9 young (18432K), 1 survivors (2048K)
 Metaspace       used 42190K, committed 42944K, reserved 1114112K
  class space    used 5997K, committed 6336K, reserved 1048576K
GC Heap History (20 events):
Event: 3210.370 GC heap after
{Heap after GC invocations=16 (full 1):
 garbage-first heap   total reserved 4188160K, committed 69632K, used 23388K [0x0000000700600000, 0x0000000800000000)
  region size 2048K, 1 young (2048K), 1 survivors (2048K)
 Metaspace       used 42184K, committed 42944K, reserved 1114112K
  class space    used 5995K, committed 6336K, reserved 1048576K
}
Event: 4476.195 GC heap before
{Heap before GC invocations=16 (full 1):
 garbage-first heap   total reserved 4188160K, committed 69632K, used 54108K [0x0000000700600000, 0x0000000800000000)
  region size 2048K, 16 young (32768K), 1 survivors (2048K)
 Metaspace       used 42184K, committed 42944K, reserved 1114112K
  class space    used 5995K, committed 6336K, reserved 1048576K
}
Event: 4476.200 GC heap after
{Heap after GC invocations=17 (full 1):
 garbage-first heap   total reserved 4188160K, committed 69632K, used 23335K [0x0000000700600000, 0x0000000800000000)
  region size 2048K, 1 young (2048K), 1 survivors (2048K)
 Metaspace       used 42184K, committed 42944K, reserved 1114112K
  class space    used 5995K, committed 6336K, reserved 1048576K
}
Event: 5748.106 GC heap before
{Heap before GC invocations=17 (full 1):
 garbage-first heap   total reserved 4188160K, committed 69632K, used 54055K [0x0000000700600000, 0x0000000800000000)
  region size 2048K, 16 young (32768K), 1 survivors (2048K)
 Metaspace       used 42186K, committed 42944K, reserved 1114112K
  class space    used 5995K, committed 6336K, reserved 1048576K
}
Event: 5748.111 GC heap after
{Heap after GC invocations=18 (full 1):
 garbage-first heap   total reserved 4188160K, committed 69632K, used 23308K [0x0000000700600000, 0x0000000800000000)
  region size 2048K, 1 young (2048K), 1 survivors (2048K)
 Metaspace       used 42186K, committed 42944K, reserved 1114112K
  class space    used 5995K, committed 6336K, reserved 1048576K
}
Event: 7024.471 GC heap before
{Heap before GC invocations=18 (full 1):
 garbage-first heap   total reserved 4188160K, committed 69632K, used 54028K [0x0000000700600000, 0x0000000800000000)
  region size 2048K, 16 young (32768K), 1 survivors (2048K)
 Metaspace       used 42186K, committed 42944K, reserved 1114112K
  class space    used 5995K, committed 6336K, reserved 1048576K
}
Event: 7024.475 GC heap after
{Heap after GC invocations=19 (full 1):
 garbage-first heap   total reserved 4188160K, committed 69632K, used 23323K [0x0000000700600000, 0x0000000800000000)
  region size 2048K, 1 young (2048K), 1 survivors (2048K)
 Metaspace       used 42186K, committed 42944K, reserved 1114112K
  class space    used 5995K, committed 6336K, reserved 1048576K
}
Event: 8299.110 GC heap before
{Heap before GC invocations=19 (full 1):
 garbage-first heap   total reserved 4188160K, committed 69632K, used 54043K [0x0000000700600000, 0x0000000800000000)
  region size 2048K, 16 young (32768K), 1 survivors (2048K)
 Metaspace       used 42186K, committed 42944K, reserved 1114112K
  class space    used 5995K, committed 6336K, reserved 1048576K
}
Event: 8299.115 GC heap after
{Heap after GC invocations=20 (full 1):
 garbage-first heap   total reserved 4188160K, committed 69632K, used 23307K [0x0000000700600000, 0x0000000800000000)
  region size 2048K, 1 young (2048K), 1 survivors (2048K)
 Metaspace       used 42186K, committed 42944K, reserved 1114112K
  class space    used 5995K, committed 6336K, reserved 1048576K
}
Event: 9575.989 GC heap before
{Heap before GC invocations=20 (full 1):
 garbage-first heap   total reserved 4188160K, committed 69632K, used 54027K [0x0000000700600000, 0x0000000800000000)
  region size 2048K, 16 young (32768K), 1 survivors (2048K)
 Metaspace       used 42186K, committed 42944K, reserved 1114112K
  class space    used 5995K, committed 6336K, reserved 1048576K
}
Event: 9576.020 GC heap after
{Heap after GC invocations=21 (full 1):
 garbage-first heap   total reserved 4188160K, committed 69632K, used 23299K [0x0000000700600000, 0x0000000800000000)
  region size 2048K, 1 young (2048K), 1 survivors (2048K)
 Metaspace       used 42186K, committed 42944K, reserved 1114112K
  class space    used 5995K, committed 6336K, reserved 1048576K
}
Event: 10853.550 GC heap before
{Heap before GC invocations=21 (full 1):
 garbage-first heap   total reserved 4188160K, committed 69632K, used 54019K [0x0000000700600000, 0x0000000800000000)
  region size 2048K, 16 young (32768K), 1 survivors (2048K)
 Metaspace       used 42186K, committed 42944K, reserved 1114112K
  class space    used 5995K, committed 6336K, reserved 1048576K
}
Event: 10853.565 GC heap after
{Heap after GC invocations=22 (full 1):
 garbage-first heap   total reserved 4188160K, committed 69632K, used 23299K [0x0000000700600000, 0x0000000800000000)
  region size 2048K, 1 young (2048K), 1 survivors (2048K)
 Metaspace       used 42186K, committed 42944K, reserved 1114112K
  class space    used 5995K, committed 6336K, reserved 1048576K
}
Event: 12128.658 GC heap before
{Heap before GC invocations=22 (full 1):
 garbage-first heap   total reserved 4188160K, committed 69632K, used 54019K [0x0000000700600000, 0x0000000800000000)
  region size 2048K, 16 young (32768K), 1 survivors (2048K)
 Metaspace       used 42186K, committed 42944K, reserved 1114112K
  class space    used 5995K, committed 6336K, reserved 1048576K
}
Event: 12128.673 GC heap after
{Heap after GC invocations=23 (full 1):
 garbage-first heap   total reserved 4188160K, committed 69632K, used 23343K [0x0000000700600000, 0x0000000800000000)
  region size 2048K, 1 young (2048K), 1 survivors (2048K)
 Metaspace       used 42186K, committed 42944K, reserved 1114112K
  class space    used 5995K, committed 6336K, reserved 1048576K
}
Event: 13400.922 GC heap before
{Heap before GC invocations=23 (full 1):
 garbage-first heap   total reserved 4188160K, committed 69632K, used 54063K [0x0000000700600000, 0x0000000800000000)
  region size 2048K, 16 young (32768K), 1 survivors (2048K)
 Metaspace       used 42186K, committed 42944K, reserved 1114112K
  class space    used 5995K, committed 6336K, reserved 1048576K
}
Event: 13400.938 GC heap after
{Heap after GC invocations=24 (full 1):
 garbage-first heap   total reserved 4188160K, committed 69632K, used 23290K [0x0000000700600000, 0x0000000800000000)
  region size 2048K, 1 young (2048K), 1 survivors (2048K)
 Metaspace       used 42186K, committed 42944K, reserved 1114112K
  class space    used 5995K, committed 6336K, reserved 1048576K
}
Event: 14673.679 GC heap before
{Heap before GC invocations=24 (full 1):
 garbage-first heap   total reserved 4188160K, committed 69632K, used 54010K [0x0000000700600000, 0x0000000800000000)
  region size 2048K, 16 young (32768K), 1 survivors (2048K)
 Metaspace       used 42186K, committed 42944K, reserved 1114112K
  class space    used 5995K, committed 6336K, reserved 1048576K
}
Event: 14673.702 GC heap after
{Heap after GC invocations=25 (full 1):
 garbage-first heap   total reserved 4188160K, committed 69632K, used 23268K [0x0000000700600000, 0x0000000800000000)
  region size 2048K, 1 young (2048K), 1 survivors (2048K)
 Metaspace       used 42186K, committed 42944K, reserved 1114112K
  class space    used 5995K, committed 6336K, reserved 1048576K
}
Event: 15242.144 GC heap before
{Heap before GC invocations=25 (full 1):
 garbage-first heap   total reserved 4188160K, committed 69632K, used 37604K [0x0000000700600000, 0x0000000800000000)
  region size 2048K, 9 young (18432K), 1 survivors (2048K)
 Metaspace       used 42190K, committed 42944K, reserved 1114112K
  class space    used 5997K, committed 6336K, reserved 1048576K
}

